[ 2018-02-25T18:29:21+08:00 ] 127.0.0.1 /blog/Application/Admin/View/Index/__PUBLIC__/css/main.css
INFO: [ app_init ] --START--
INFO: Run Behavior\BuildLiteBehavior [ RunTime:0.000150s ]
INFO: [ app_init ] --END-- [ RunTime:0.066766s ]
ERR: 无法加载模块:Application

[ 2018-02-25T18:29:21+08:00 ] 127.0.0.1 /blog/Application/Admin/View/Index/__PUBLIC__/css/common.css
INFO: [ app_init ] --START--
INFO: Run Behavior\BuildLiteBehavior [ RunTime:0.000114s ]
INFO: [ app_init ] --END-- [ RunTime:0.067370s ]
ERR: 无法加载模块:Application

[ 2018-02-25T18:29:21+08:00 ] 127.0.0.1 /blog/Application/Admin/View/Index/__PUBLIC__/js/libs/modernizr.min.js
INFO: [ app_init ] --START--
INFO: Run Behavior\BuildLiteBehavior [ RunTime:0.000112s ]
INFO: [ app_init ] --END-- [ RunTime:0.049180s ]
ERR: 无法加载模块:Application

[ 2018-02-25T18:29:42+08:00 ] 127.0.0.1 /blog/Application/Admin/View/Cate/__PUBLIC__/css/common.css
INFO: [ app_init ] --START--
INFO: Run Behavior\BuildLiteBehavior [ RunTime:0.000124s ]
INFO: [ app_init ] --END-- [ RunTime:0.125832s ]
ERR: 无法加载模块:Application

[ 2018-02-25T18:29:42+08:00 ] 127.0.0.1 /blog/Application/Admin/View/Cate/__PUBLIC__/css/main.css
INFO: [ app_init ] --START--
INFO: Run Behavior\BuildLiteBehavior [ RunTime:0.000125s ]
INFO: [ app_init ] --END-- [ RunTime:0.029355s ]
ERR: 无法加载模块:Application

[ 2018-02-25T18:29:42+08:00 ] 127.0.0.1 /blog/Application/Admin/View/Cate/__PUBLIC__/js/libs/modernizr.min.js
INFO: [ app_init ] --START--
INFO: Run Behavior\BuildLiteBehavior [ RunTime:0.001235s ]
INFO: [ app_init ] --END-- [ RunTime:0.006346s ]
ERR: 无法加载模块:Application

[ 2018-02-25T18:29:43+08:00 ] 127.0.0.1 /blog/Application/Admin/View/Cate/__PUBLIC__/css/main.css
INFO: [ app_init ] --START--
INFO: Run Behavior\BuildLiteBehavior [ RunTime:0.000112s ]
INFO: [ app_init ] --END-- [ RunTime:0.002106s ]
ERR: 无法加载模块:Application

[ 2018-02-25T18:29:43+08:00 ] 127.0.0.1 /blog/Application/Admin/View/Cate/__PUBLIC__/js/libs/modernizr.min.js
INFO: [ app_init ] --START--
INFO: Run Behavior\BuildLiteBehavior [ RunTime:0.000249s ]
INFO: [ app_init ] --END-- [ RunTime:0.002272s ]
ERR: 无法加载模块:Application

[ 2018-02-25T18:30:39+08:00 ] ::1 /blog/design.html
INFO: [ app_init ] --START--
INFO: Run Behavior\BuildLiteBehavior [ RunTime:0.000112s ]
INFO: [ app_init ] --END-- [ RunTime:0.001928s ]
ERR: 无法加载模块:Design

